  Source.cpp
  VideoAnalyser.cpp
  Generating Code...
c:\opencv\build\include\opencv2\core\cvstd.hpp(599): warning C4793: 'cv::String::String': function compiled as native:
  	Found an intrinsic not supported in managed code
c:\opencv\build\include\opencv2\core\mat.inl.hpp(392): warning C4793: 'cv::Mat::Mat': function compiled as native:
  	Found an intrinsic not supported in managed code
c:\opencv\build\include\opencv2\core\mat.inl.hpp(1872): warning C4793: 'cv::SparseMat::addref': function compiled as native:
  	Found an intrinsic not supported in managed code
c:\opencv\build\include\opencv2\core\mat.inl.hpp(3473): warning C4793: 'cv::UMat::addref': function compiled as native:
  	Found an intrinsic not supported in managed code
c:\opencv\build\include\opencv2\core\ptr.inl.hpp(67): warning C4793: 'cv::detail::PtrOwner::incRef': function compiled as native:
  	Found an intrinsic not supported in managed code
c:\opencv\build\include\opencv2\core\ptr.inl.hpp(72): warning C4793: 'cv::detail::PtrOwner::decRef': function compiled as native:
  	Found an intrinsic not supported in managed code
c:\opencv\build\include\opencv2\core\cvstd.hpp(599): warning C4793: 'cv::String::String': function compiled as native:
  	Found an intrinsic not supported in managed code
c:\opencv\build\include\opencv2\core\mat.inl.hpp(392): warning C4793: 'cv::Mat::Mat': function compiled as native:
  	Found an intrinsic not supported in managed code
c:\opencv\build\include\opencv2\core\mat.inl.hpp(1872): warning C4793: 'cv::SparseMat::addref': function compiled as native:
  	Found an intrinsic not supported in managed code
c:\opencv\build\include\opencv2\core\mat.inl.hpp(3473): warning C4793: 'cv::UMat::addref': function compiled as native:
  	Found an intrinsic not supported in managed code
c:\opencv\build\include\opencv2\core\ptr.inl.hpp(67): warning C4793: 'cv::detail::PtrOwner::incRef': function compiled as native:
  	Found an intrinsic not supported in managed code
c:\opencv\build\include\opencv2\core\ptr.inl.hpp(72): warning C4793: 'cv::detail::PtrOwner::decRef': function compiled as native:
  	Found an intrinsic not supported in managed code
VideoAnalyser.obj : warning LNK4248: unresolved typeref token (01000028) for 'CvCapture'; image may not run
  DeteccionDeActividad.vcxproj -> C:\Users\Edixon Vargas\Programing\visual studio 2015\Projects\DeteccionDeActividad\x64\Debug\DeteccionDeActividad.exe
  DeteccionDeActividad.vcxproj -> C:\Users\Edixon Vargas\Programing\visual studio 2015\Projects\DeteccionDeActividad\x64\Debug\DeteccionDeActividad.pdb (Full PDB)
          1 archivo(s) copiado(s).
